#
# There is insufficient memory for the Java Runtime Environment to continue.
# Native memory allocation (mmap) failed to map 134217728 bytes for G1 virtual space
# Possible reasons:
#   The system is out of physical RAM or swap space
#   The process is running with CompressedOops enabled, and the Java Heap may be blocking the growth of the native heap
# Possible solutions:
#   Reduce memory load on the system
#   Increase physical memory or swap space
#   Check if swap backing store is full
#   Decrease Java heap size (-Xmx/-Xms)
#   Decrease number of Java threads
#   Decrease Java thread stack sizes (-Xss)
#   Set larger code cache with -XX:ReservedCodeCacheSize=
#   JVM is running with Unscaled Compressed Oops mode in which the Java heap is
#     placed in the first 4GB address space. The Java Heap base address is the
#     maximum limit for the native heap growth. Please use -XX:HeapBaseMinAddress
#     to set the Java Heap base and to place the Java Heap above 4GB virtual address.
# This output file may be truncated or incomplete.
#
#  Out of Memory Error (os_windows.cpp:3825), pid=10360, tid=9492
#
# JRE version:  (17.0.10+7) (build )
# Java VM: OpenJDK 64-Bit Server VM (17.0.10+7-b1000.50, mixed mode, sharing, tiered, compressed oops, compressed class ptrs, g1 gc, windows-amd64)
# No core dump will be written. Minidumps are not enabled by default on client versions of Windows
#

---------------  S U M M A R Y ------------

Command Line: git4idea.http.GitAskPassApp Username for 'https://github.com': 

Host: Intel(R) Core(TM) i3-3110M CPU @ 2.40GHz, 4 cores, 7G,  Windows 10 , 64 bit Build 19041 (10.0.19041.4597)
Time: Sun Aug 11 20:34:48 2024 GMT Daylight Time elapsed time: 0.115737 seconds (0d 0h 0m 0s)

---------------  T H R E A D  ---------------

Current thread (0x000001c7a853d850):  JavaThread "Unknown thread" [_thread_in_vm, id=9492, stack(0x000000b6cda00000,0x000000b6cdb00000)]

Stack: [0x000000b6cda00000,0x000000b6cdb00000]
Native frames: (J=compiled Java code, j=interpreted, Vv=VM code, C=native code)
V  [jvm.dll+0x688a29]
V  [jvm.dll+0x84216a]
V  [jvm.dll+0x843dae]
V  [jvm.dll+0x844413]
V  [jvm.dll+0x24ba8f]
V  [jvm.dll+0x6857f9]
V  [jvm.dll+0x67a0aa]
V  [jvm.dll+0x30c7eb]
V  [jvm.dll+0x313c96]
V  [jvm.dll+0x363a2e]
V  [jvm.dll+0x363c5f]
V  [jvm.dll+0x2e25b8]
V  [jvm.dll+0x2e3524]
V  [jvm.dll+0x812cd1]
V  [jvm.dll+0x3718e1]
V  [jvm.dll+0x7f1836]
V  [jvm.dll+0x3f553f]
V  [jvm.dll+0x3f7171]
C  [jli.dll+0x528f]
C  [ucrtbase.dll+0x21bb2]
C  [KERNEL32.DLL+0x17374]
C  [ntdll.dll+0x4cc91]


---------------  P R O C E S S  ---------------

Threads class SMR info:
_java_thread_list=0x00007ff8796cef58, length=0, elements={
}

Java Threads: ( => current thread )

Other Threads:
  0x000001c7a85980d0 GCTaskThread "GC Thread#0" [stack: 0x000000b6cdb00000,0x000000b6cdc00000] [id=11216]
  0x000001c7a85a8c60 ConcurrentGCThread "G1 Main Marker" [stack: 0x000000b6cdc00000,0x000000b6cdd00000] [id=11372]
  0x000001c7a85a9e20 ConcurrentGCThread "G1 Conc#0" [stack: 0x000000b6cdd00000,0x000000b6cde00000] [id=5968]

[error occurred during error reporting (printing all threads), id 0xc0000005, EXCEPTION_ACCESS_VIOLATION (0xc0000005) at pc=0x00007ff878e83187]

VM state: not at safepoint (not fully initialized)

VM Mutex/Monitor currently owned by a thread:  ([mutex/lock_event])
[0x000001c7a8539bf0] Heap_lock - owner thread: 0x000001c7a853d850

Heap address: 0x0000000081e00000, size: 2018 MB, Compressed Oops mode: 32-bit

CDS archive(s) mapped at: [0x0000000000000000-0x0000000000000000-0x0000000000000000), size 0, SharedBaseAddress: 0x0000000800000000, ArchiveRelocationMode: 1.
Narrow klass base: 0x0000000000000000, Narrow klass shift: 0, Narrow klass range: 0x0

GC Precious Log:
<Empty>

Heap:
 garbage-first heap   total 0K, used 0K [0x0000000081e00000, 0x0000000100000000)
  region size 1024K, 0 young (0K), 0 survivors (0K)
 Metaspace       used 0K, committed 0K, reserved 0K
  class space    used 0K, committed 0K, reserved 0K

Heap Regions: E=young(eden), S=young(survivor), O=old, HS=humongous(starts), HC=humongous(continues), CS=collection set, F=free, OA=open archive, CA=closed archive, TAMS=top-at-mark-start (previous, next)

Card table byte_map: [0x000001c7bb0c0000,0x000001c7bb4c0000] _byte_map_base: 0x000001c7bacb1000

Marking Bits (Prev, Next): (CMBitMap*) 0x000001c7a85986f0, (CMBitMap*) 0x000001c7a8598730
 Prev Bits: [0x000001c7bb8c0000, 0x000001c7bd848000)
 Next Bits: [0x000001c7bd850000, 0x000001c7bf7d8000)

GC Heap History (0 events):
No events

Dll operation events (1 events):
Event: 0.107 Loaded shared library C:\dev\IntelliJ IDEA 2023.2.2\jbr\bin\java.dll

Deoptimization events (0 events):
No events

Classes unloaded (0 events):
No events

Classes redefined (0 events):
No events

Internal exceptions (0 events):
No events

VM Operations (0 events):
No events

Events (0 events):
No events


Dynamic libraries:
0x00007ff70a9f0000 - 0x00007ff70a9fa000 	C:\dev\IntelliJ IDEA 2023.2.2\jbr\bin\java.exe
0x00007ff8a57f0000 - 0x00007ff8a59e8000 	C:\Windows\SYSTEM32\ntdll.dll
0x00007ff8a3b80000 - 0x00007ff8a3c41000 	C:\Windows\System32\KERNEL32.DLL
0x00007ff8a32b0000 - 0x00007ff8a35a6000 	C:\Windows\System32\KERNELBASE.dll
0x00007ff8a31b0000 - 0x00007ff8a32b0000 	C:\Windows\System32\ucrtbase.dll
0x00007ff881a20000 - 0x00007ff881a3b000 	C:\dev\IntelliJ IDEA 2023.2.2\jbr\bin\VCRUNTIME140.dll
0x00007ff886a80000 - 0x00007ff886a97000 	C:\dev\IntelliJ IDEA 2023.2.2\jbr\bin\jli.dll
0x00007ff8a49d0000 - 0x00007ff8a4b6f000 	C:\Windows\System32\USER32.dll
0x00007ff8a3690000 - 0x00007ff8a36b2000 	C:\Windows\System32\win32u.dll
0x00007ff8930e0000 - 0x00007ff89337a000 	C:\Windows\WinSxS\amd64_microsoft.windows.common-controls_6595b64144ccf1df_6.0.19041.4355_none_60b8b9eb71f62e16\COMCTL32.dll
0x00007ff8a4d00000 - 0x00007ff8a4d2b000 	C:\Windows\System32\GDI32.dll
0x00007ff8a5710000 - 0x00007ff8a57ae000 	C:\Windows\System32\msvcrt.dll
0x00007ff8a2f10000 - 0x00007ff8a3027000 	C:\Windows\System32\gdi32full.dll
0x00007ff8a3110000 - 0x00007ff8a31ad000 	C:\Windows\System32\msvcp_win.dll
0x00007ff8a5270000 - 0x00007ff8a529f000 	C:\Windows\System32\IMM32.DLL
0x00007ff89e820000 - 0x00007ff89e82c000 	C:\dev\IntelliJ IDEA 2023.2.2\jbr\bin\vcruntime140_1.dll
0x00007ff87c360000 - 0x00007ff87c3ed000 	C:\dev\IntelliJ IDEA 2023.2.2\jbr\bin\msvcp140.dll
0x00007ff878b90000 - 0x00007ff879813000 	C:\dev\IntelliJ IDEA 2023.2.2\jbr\bin\server\jvm.dll
0x00007ff8a4c50000 - 0x00007ff8a4d00000 	C:\Windows\System32\ADVAPI32.dll
0x00007ff8a4080000 - 0x00007ff8a4120000 	C:\Windows\System32\sechost.dll
0x00007ff8a4d40000 - 0x00007ff8a4e63000 	C:\Windows\System32\RPCRT4.dll
0x00007ff8a35b0000 - 0x00007ff8a35d7000 	C:\Windows\System32\bcrypt.dll
0x00007ff894ec0000 - 0x00007ff894ec9000 	C:\Windows\SYSTEM32\WSOCK32.dll
0x00007ff8a2cf0000 - 0x00007ff8a2d3b000 	C:\Windows\SYSTEM32\POWRPROF.dll
0x00007ff891f00000 - 0x00007ff891f27000 	C:\Windows\SYSTEM32\WINMM.dll
0x00007ff8a5200000 - 0x00007ff8a526b000 	C:\Windows\System32\WS2_32.dll
0x00007ff891b70000 - 0x00007ff891b7a000 	C:\Windows\SYSTEM32\VERSION.dll
0x00007ff8a2cd0000 - 0x00007ff8a2ce2000 	C:\Windows\SYSTEM32\UMPDC.dll
0x00007ff8a0d20000 - 0x00007ff8a0d32000 	C:\Windows\SYSTEM32\kernel.appcore.dll
0x00007ff8926c0000 - 0x00007ff8926ca000 	C:\dev\IntelliJ IDEA 2023.2.2\jbr\bin\jimage.dll
0x00007ff88ea90000 - 0x00007ff88ec74000 	C:\Windows\SYSTEM32\DBGHELP.DLL
0x00007ff88ea50000 - 0x00007ff88ea84000 	C:\Windows\SYSTEM32\dbgcore.DLL
0x00007ff8a3030000 - 0x00007ff8a30b2000 	C:\Windows\System32\bcryptPrimitives.dll
0x00007ff892f50000 - 0x00007ff892f75000 	C:\dev\IntelliJ IDEA 2023.2.2\jbr\bin\java.dll

dbghelp: loaded successfully - version: 4.0.5 - missing functions: none
symbol engine: initialized successfully - sym options: 0x614 - pdb path: .;C:\dev\IntelliJ IDEA 2023.2.2\jbr\bin;C:\Windows\SYSTEM32;C:\Windows\WinSxS\amd64_microsoft.windows.common-controls_6595b64144ccf1df_6.0.19041.4355_none_60b8b9eb71f62e16;C:\dev\IntelliJ IDEA 2023.2.2\jbr\bin\server

VM Arguments:
java_command: git4idea.http.GitAskPassApp Username for 'https://github.com': 
java_class_path (initial): C:/dev/IntelliJ IDEA 2023.2.2/plugins/vcs-git/lib/git4idea-rt.jar;C:/dev/IntelliJ IDEA 2023.2.2/lib/externalProcess-rt.jar
Launcher Type: SUN_STANDARD

[Global flags]
     intx CICompilerCount                          = 3                                         {product} {ergonomic}
     uint ConcGCThreads                            = 1                                         {product} {ergonomic}
     uint G1ConcRefinementThreads                  = 4                                         {product} {ergonomic}
   size_t G1HeapRegionSize                         = 1048576                                   {product} {ergonomic}
    uintx GCDrainStackTargetSize                   = 64                                        {product} {ergonomic}
   size_t InitialHeapSize                          = 134217728                                 {product} {ergonomic}
   size_t MarkStackSize                            = 4194304                                   {product} {ergonomic}
   size_t MaxHeapSize                              = 2116026368                                {product} {ergonomic}
   size_t MinHeapDeltaBytes                        = 1048576                                   {product} {ergonomic}
   size_t MinHeapSize                              = 8388608                                   {product} {ergonomic}
    uintx NonNMethodCodeHeapSize                   = 5832780                                {pd product} {ergonomic}
    uintx NonProfiledCodeHeapSize                  = 122912730                              {pd product} {ergonomic}
    uintx ProfiledCodeHeapSize                     = 122912730                              {pd product} {ergonomic}
    uintx ReservedCodeCacheSize                    = 251658240                              {pd product} {ergonomic}
     bool SegmentedCodeCache                       = true                                      {product} {ergonomic}
   size_t SoftMaxHeapSize                          = 2116026368                             {manageable} {ergonomic}
     bool UseCompressedClassPointers               = true                           {product lp64_product} {ergonomic}
     bool UseCompressedOops                        = true                           {product lp64_product} {ergonomic}
     bool UseG1GC                                  = true                                      {product} {ergonomic}
     bool UseLargePagesIndividualAllocation        = false                                  {pd product} {ergonomic}

Logging:
Log output configuration:
 #0: stdout all=warning uptime,level,tags
 #1: stderr all=off uptime,level,tags

Environment Variables:
PATH=C:\Program Files\Git\mingw64\libexec\git-core;C:\Program Files\Git\mingw64\libexec\git-core;C:\Program Files\Git\mingw64\bin;C:\Program Files\Git\usr\bin;C:\Users\SONY\bin;C:\Program Files\Common Files\Oracle\Java\javapath;C:\Program Files (x86)\Common Files\Oracle\Java\javapath;C:\Windows\system32;C:\Windows;C:\Windows\System32\Wbem;C:\Windows\System32\WindowsPowerShell\v1.0;C:\Windows\System32\OpenSSH;C:\Program Files\dotnet;C:\ProgramData\chocolatey\bin;C:\Program Files\Git\cmd;C:\Program Files\Java\jdk-17\bin;C:\Program Files\Amazon\AWSCLIV2;C:\Program Files\nodejs;C:\Users\SONY\AppData\Local\Microsoft\WindowsApps;C:\dev\IntelliJ IDEA 2023.2.2\bin;C:\Users\SONY\AppData\Local\Programs\Microsoft VS Code\bin;C:\Users\SONY\AppData\Roaming\npm
USERNAME=SONY
DISPLAY=:0.0
LC_ALL=en_US.UTF-8
TERM=xterm-256color
TMPDIR=C:\Users\SONY\AppData\Local\Temp
OS=Windows_NT
PROCESSOR_IDENTIFIER=Intel64 Family 6 Model 58 Stepping 9, GenuineIntel
TMP=C:\Users\SONY\AppData\Local\Temp
TEMP=C:\Users\SONY\AppData\Local\Temp



Periodic native trim disabled

JNI global refs:
JNI global refs: 0, weak refs: 0

JNI global refs memory usage: 0, weak refs: 0

OOME stack traces (most recent first):
Classloader memory used:


---------------  S Y S T E M  ---------------

OS:
 Windows 10 , 64 bit Build 19041 (10.0.19041.4597)
OS uptime: 1 days 10:45 hours

CPU: total 4 (initial active 4) (2 cores per cpu, 2 threads per core) family 6 model 58 stepping 9 microcode 0x21, cx8, cmov, fxsr, ht, mmx, sse, sse2, sse3, ssse3, sse4.1, sse4.2, popcnt, tsc, tscinvbit, avx, erms, clmul, vzeroupper, clflush
Processor Information for all 4 processors :
  Max Mhz: 2400, Current Mhz: 2400, Mhz Limit: 2400

Memory: 4k page, system-wide physical 8071M (909M free)
TotalPageFile size 8071M (AvailPageFile size 123M)
current process WorkingSet (physical memory assigned to process): 10M, peak: 10M
current process commit charge ("private bytes"): 52M, peak: 180M

vm_info: OpenJDK 64-Bit Server VM (17.0.10+7-b1000.50) for windows-amd64 JRE (17.0.10+7-b1000.50), built on 2024-03-18 by "builduser" with MS VC++ 16.10 / 16.11 (VS2019)

END.
