#
# There is insufficient memory for the Java Runtime Environment to continue.
# Native memory allocation (mmap) failed to map 134217728 bytes for G1 virtual space
# Possible reasons:
#   The system is out of physical RAM or swap space
#   The process is running with CompressedOops enabled, and the Java Heap may be blocking the growth of the native heap
# Possible solutions:
#   Reduce memory load on the system
#   Increase physical memory or swap space
#   Check if swap backing store is full
#   Decrease Java heap size (-Xmx/-Xms)
#   Decrease number of Java threads
#   Decrease Java thread stack sizes (-Xss)
#   Set larger code cache with -XX:ReservedCodeCacheSize=
#   JVM is running with Unscaled Compressed Oops mode in which the Java heap is
#     placed in the first 4GB address space. The Java Heap base address is the
#     maximum limit for the native heap growth. Please use -XX:HeapBaseMinAddress
#     to set the Java Heap base and to place the Java Heap above 4GB virtual address.
# This output file may be truncated or incomplete.
#
#  Out of Memory Error (os_windows.cpp:3466), pid=5516, tid=5864
#
# JRE version:  (16.0.2+7) (build )
# Java VM: OpenJDK 64-Bit Server VM (16.0.2+7, mixed mode, sharing, tiered, compressed oops, compressed class ptrs, g1 gc, windows-amd64)
# No core dump will be written. Minidumps are not enabled by default on client versions of Windows
#

---------------  S U M M A R Y ------------

Command Line: -agentlib:jdwp=transport=dt_socket,address=127.0.0.1:12207,suspend=y,server=n -javaagent:C:/Users/SONY/.m2/repository/org/jetbrains/kotlinx/kotlinx-coroutines-core-jvm/1.5.2/kotlinx-coroutines-core-jvm-1.5.2.jar -javaagent:C:\Users\SONY\AppData\Local\JetBrains\IntelliJIdea2023.2\captureAgent\debugger-agent.jar -Dfile.encoding=UTF-8 ie.setu.AppKt

Host: Intel(R) Core(TM) i3-3110M CPU @ 2.40GHz, 4 cores, 7G,  Windows 10 , 64 bit Build 19041 (10.0.19041.4597)
Time: Thu Aug  8 13:37:59 2024 GMT Daylight Time elapsed time: 0.043184 seconds (0d 0h 0m 0s)

---------------  T H R E A D  ---------------

Current thread (0x000001be9f29ee40):  JavaThread "Unknown thread" [_thread_in_vm, id=5864, stack(0x0000002f45b00000,0x0000002f45c00000)]

Stack: [0x0000002f45b00000,0x0000002f45c00000]
Native frames: (J=compiled Java code, j=interpreted, Vv=VM code, C=native code)
V  [jvm.dll+0x647e0a]
V  [jvm.dll+0x7f0549]
V  [jvm.dll+0x7f1cfe]
V  [jvm.dll+0x7f2343]
V  [jvm.dll+0x23dd88]
V  [jvm.dll+0x644b4a]
V  [jvm.dll+0x639795]
V  [jvm.dll+0x2f66f9]
V  [jvm.dll+0x2fd516]
V  [jvm.dll+0x34999a]
V  [jvm.dll+0x349bdf]
V  [jvm.dll+0x2cc918]
V  [jvm.dll+0x2cdb49]
V  [jvm.dll+0x7c4431]
V  [jvm.dll+0x356ee1]
V  [jvm.dll+0x7a30b0]
V  [jvm.dll+0x3d4c55]
V  [jvm.dll+0x3d69f1]
C  [jli.dll+0x5243]
C  [ucrtbase.dll+0x21bb2]
C  [KERNEL32.DLL+0x17374]
C  [ntdll.dll+0x4cc91]


---------------  P R O C E S S  ---------------

Threads class SMR info:
_java_thread_list=0x00007ffff47a73d8, length=0, elements={
}

Java Threads: ( => current thread )

Other Threads:
  0x000001be9f2dc740 GCTaskThread "GC Thread#0" [stack: 0x0000002f45c00000,0x0000002f45d00000] [id=8452]
  0x000001be9f2ed3c0 ConcurrentGCThread "G1 Main Marker" [stack: 0x0000002f45d00000,0x0000002f45e00000] [id=5192]
  0x000001be9f2ee670 ConcurrentGCThread "G1 Conc#0" [stack: 0x0000002f45e00000,0x0000002f45f00000] [id=5088]

[error occurred during error reporting (printing all threads), id 0xc0000005, EXCEPTION_ACCESS_VIOLATION (0xc0000005) at pc=0x00007ffff3f1e207]

VM state: not at safepoint (not fully initialized)

VM Mutex/Monitor currently owned by a thread:  ([mutex/lock_event])
[0x000001be9f299940] Heap_lock - owner thread: 0x000001be9f29ee40

Heap address: 0x0000000081e00000, size: 2018 MB, Compressed Oops mode: 32-bit

CDS archive(s) mapped at: [0x0000000000000000-0x0000000000000000-0x0000000000000000), size 0, SharedBaseAddress: 0x0000000800000000, ArchiveRelocationMode: 0.
Narrow klass base: 0x0000000000000000, Narrow klass shift: 0, Narrow klass range: 0x0

GC Precious Log:
<Empty>

Heap:
 garbage-first heap   total 0K, used 0K [0x0000000081e00000, 0x0000000100000000)
  region size 1024K, 0 young (0K), 0 survivors (0K)

[error occurred during error reporting (printing heap information), id 0xc0000005, EXCEPTION_ACCESS_VIOLATION (0xc0000005) at pc=0x00007ffff42dff7d]

GC Heap History (0 events):
No events

Deoptimization events (0 events):
No events

Classes unloaded (0 events):
No events

Classes redefined (0 events):
No events

Internal exceptions (0 events):
No events

Events (2 events):
Event: 0.033 Loaded shared library C:\Users\SONY\.jdks\corretto-16.0.2\bin\java.dll
Event: 0.036 Loaded shared library C:\Users\SONY\.jdks\corretto-16.0.2\bin\zip.dll


Dynamic libraries:
0x00007ff6bf550000 - 0x00007ff6bf55d000 	C:\Users\SONY\.jdks\corretto-16.0.2\bin\java.exe
0x00007ff828430000 - 0x00007ff828628000 	C:\Windows\SYSTEM32\ntdll.dll
0x00007ff826740000 - 0x00007ff826801000 	C:\Windows\System32\KERNEL32.DLL
0x00007ff826100000 - 0x00007ff8263f6000 	C:\Windows\System32\KERNELBASE.dll
0x00007ff825db0000 - 0x00007ff825eb0000 	C:\Windows\System32\ucrtbase.dll
0x00007ff81f9f0000 - 0x00007ff81fa05000 	C:\Users\SONY\.jdks\corretto-16.0.2\bin\VCRUNTIME140.dll
0x00007ff81fa10000 - 0x00007ff81fa28000 	C:\Users\SONY\.jdks\corretto-16.0.2\bin\jli.dll
0x00007ff827ff0000 - 0x00007ff82818f000 	C:\Windows\System32\USER32.dll
0x00007ff826430000 - 0x00007ff826452000 	C:\Windows\System32\win32u.dll
0x00007ff827390000 - 0x00007ff8273bb000 	C:\Windows\System32\GDI32.dll
0x00007ff816780000 - 0x00007ff816a1a000 	C:\Windows\WinSxS\amd64_microsoft.windows.common-controls_6595b64144ccf1df_6.0.19041.4355_none_60b8b9eb71f62e16\COMCTL32.dll
0x00007ff825eb0000 - 0x00007ff825fc7000 	C:\Windows\System32\gdi32full.dll
0x00007ff826810000 - 0x00007ff8268ae000 	C:\Windows\System32\msvcrt.dll
0x00007ff826060000 - 0x00007ff8260fd000 	C:\Windows\System32\msvcp_win.dll
0x00007ff827350000 - 0x00007ff82737f000 	C:\Windows\System32\IMM32.DLL
0x00007ff80ed70000 - 0x00007ff80ee0b000 	C:\Users\SONY\.jdks\corretto-16.0.2\bin\msvcp140.dll
0x00007ffff3c40000 - 0x00007ffff4849000 	C:\Users\SONY\.jdks\corretto-16.0.2\bin\server\jvm.dll
0x00007ff828270000 - 0x00007ff828320000 	C:\Windows\System32\ADVAPI32.dll
0x00007ff827280000 - 0x00007ff827320000 	C:\Windows\System32\sechost.dll
0x00007ff826610000 - 0x00007ff826733000 	C:\Windows\System32\RPCRT4.dll
0x00007ff826400000 - 0x00007ff826427000 	C:\Windows\System32\bcrypt.dll
0x00007ff827320000 - 0x00007ff827328000 	C:\Windows\System32\PSAPI.DLL
0x00007ff8221d0000 - 0x00007ff8221d9000 	C:\Windows\SYSTEM32\WSOCK32.dll
0x00007ff815bd0000 - 0x00007ff815bf7000 	C:\Windows\SYSTEM32\WINMM.dll
0x00007ff8146e0000 - 0x00007ff8146ea000 	C:\Windows\SYSTEM32\VERSION.dll
0x00007ff828320000 - 0x00007ff82838b000 	C:\Windows\System32\WS2_32.dll
0x00007ff823960000 - 0x00007ff823972000 	C:\Windows\SYSTEM32\kernel.appcore.dll
0x00007ff81fa40000 - 0x00007ff81fa4a000 	C:\Users\SONY\.jdks\corretto-16.0.2\bin\jimage.dll
0x00007ff811790000 - 0x00007ff811974000 	C:\Windows\SYSTEM32\DBGHELP.DLL
0x00007ff811680000 - 0x00007ff8116b4000 	C:\Windows\SYSTEM32\dbgcore.DLL
0x00007ff825fd0000 - 0x00007ff826052000 	C:\Windows\System32\bcryptPrimitives.dll
0x00007ff807120000 - 0x00007ff80715a000 	C:\Users\SONY\.jdks\corretto-16.0.2\bin\jdwp.dll
0x00007ff81fd70000 - 0x00007ff81fd7e000 	C:\Users\SONY\.jdks\corretto-16.0.2\bin\instrument.dll
0x00007ff81f2a0000 - 0x00007ff81f2c5000 	C:\Users\SONY\.jdks\corretto-16.0.2\bin\java.dll
0x00007ff81b430000 - 0x00007ff81b448000 	C:\Users\SONY\.jdks\corretto-16.0.2\bin\zip.dll

dbghelp: loaded successfully - version: 4.0.5 - missing functions: none
symbol engine: initialized successfully - sym options: 0x614 - pdb path: .;C:\Users\SONY\.jdks\corretto-16.0.2\bin;C:\Windows\SYSTEM32;C:\Windows\WinSxS\amd64_microsoft.windows.common-controls_6595b64144ccf1df_6.0.19041.4355_none_60b8b9eb71f62e16;C:\Users\SONY\.jdks\corretto-16.0.2\bin\server

VM Arguments:
jvm_args: -agentlib:jdwp=transport=dt_socket,address=127.0.0.1:12207,suspend=y,server=n -javaagent:C:/Users/SONY/.m2/repository/org/jetbrains/kotlinx/kotlinx-coroutines-core-jvm/1.5.2/kotlinx-coroutines-core-jvm-1.5.2.jar -javaagent:C:\Users\SONY\AppData\Local\JetBrains\IntelliJIdea2023.2\captureAgent\debugger-agent.jar -Dfile.encoding=UTF-8 
java_command: ie.setu.AppKt
java_class_path (initial): N:\SETU\agile-workspace\Resubmit\healthtrackerrest\target\classes;C:\Users\SONY\.m2\repository\org\jetbrains\kotlin\kotlin-stdlib\1.8.0\kotlin-stdlib-1.8.0.jar;C:\Users\SONY\.m2\repository\org\jetbrains\kotlin\kotlin-stdlib-common\1.8.0\kotlin-stdlib-common-1.8.0.jar;C:\Users\SONY\.m2\repository\org\jetbrains\annotations\13.0\annotations-13.0.jar;C:\Users\SONY\.m2\repository\io\javalin\javalin\5.6.0\javalin-5.6.0.jar;C:\Users\SONY\.m2\repository\org\slf4j\slf4j-api\2.0.7\slf4j-api-2.0.7.jar;C:\Users\SONY\.m2\repository\org\eclipse\jetty\jetty-server\11.0.15\jetty-server-11.0.15.jar;C:\Users\SONY\.m2\repository\org\eclipse\jetty\toolchain\jetty-jakarta-servlet-api\5.0.2\jetty-jakarta-servlet-api-5.0.2.jar;C:\Users\SONY\.m2\repository\org\eclipse\jetty\jetty-http\11.0.15\jetty-http-11.0.15.jar;C:\Users\SONY\.m2\repository\org\eclipse\jetty\jetty-util\11.0.15\jetty-util-11.0.15.jar;C:\Users\SONY\.m2\repository\org\eclipse\jetty\jetty-io\11.0.15\jetty-io-11.0.15.jar;C:\Users\SONY\.m2\repository\org\eclipse\jetty\jetty-webapp\11.0.15\jetty-webapp-11.0.15.jar;C:\Users\SONY\.m2\repository\org\eclipse\jetty\jetty-servlet\11.0.15\jetty-servlet-11.0.15.jar;C:\Users\SONY\.m2\repository\org\eclipse\jetty\jetty-security\11.0.15\jetty-security-11.0.15.jar;C:\Users\SONY\.m2\repository\org\eclipse\jetty\jetty-xml\11.0.15\jetty-xml-11.0.15.jar;C:\Users\SONY\.m2\repository\org\eclipse\jetty\websocket\websocket-jetty-server\11.0.15\websocket-jetty-server-11.0.15.jar;C:\Users\SONY\.m2\repository\org\eclipse\jetty\websocket\websocket-jetty-common\11.0.15\websocket-jetty-common-11.0.15.jar;C:\Users\SONY\.m2\repository\org\eclipse\jetty\websocket\websocket-core-common\11.0.15\websocket-core-common-11.0.15.jar;C:\Users\SONY\.m2\repository\org\eclipse\jetty\websocket\websocket-servlet\11.0.15\websocket-servlet-11.0.15.jar;C:\Users\SONY\.m2\repository\org\eclipse\jetty\websocket\websocket-core-server\11.0.15\websocket-core-server-11.0.15.jar;C:\Users\SONY\.m2\rep
Launcher Type: SUN_STANDARD

[Global flags]
     intx CICompilerCount                          = 3                                         {product} {ergonomic}
     uint ConcGCThreads                            = 1                                         {product} {ergonomic}
     uint G1ConcRefinementThreads                  = 4                                         {product} {ergonomic}
   size_t G1HeapRegionSize                         = 1048576                                   {product} {ergonomic}
    uintx GCDrainStackTargetSize                   = 64                                        {product} {ergonomic}
   size_t InitialHeapSize                          = 134217728                                 {product} {ergonomic}
   size_t MarkStackSize                            = 4194304                                   {product} {ergonomic}
   size_t MaxHeapSize                              = 2116026368                                {product} {ergonomic}
   size_t MinHeapDeltaBytes                        = 1048576                                   {product} {ergonomic}
   size_t MinHeapSize                              = 8388608                                   {product} {ergonomic}
    uintx NonNMethodCodeHeapSize                   = 5832780                                {pd product} {ergonomic}
    uintx NonProfiledCodeHeapSize                  = 122912730                              {pd product} {ergonomic}
    uintx ProfiledCodeHeapSize                     = 122912730                              {pd product} {ergonomic}
    uintx ReservedCodeCacheSize                    = 251658240                              {pd product} {ergonomic}
     bool SegmentedCodeCache                       = true                                      {product} {ergonomic}
   size_t SoftMaxHeapSize                          = 2116026368                             {manageable} {ergonomic}
     bool UseCompressedClassPointers               = true                           {product lp64_product} {ergonomic}
     bool UseCompressedOops                        = true                           {product lp64_product} {ergonomic}
     bool UseG1GC                                  = true                                      {product} {ergonomic}
     bool UseLargePagesIndividualAllocation        = false                                  {pd product} {ergonomic}

Logging:
Log output configuration:
 #0: stdout all=warning uptime,level,tags
 #1: stderr all=off uptime,level,tags

Environment Variables:
PATH=C:\Program Files (x86)\Common Files\Oracle\Java\javapath;C:\Windows\system32;C:\Windows;C:\Windows\System32\Wbem;C:\Windows\System32\WindowsPowerShell\v1.0\;C:\Windows\System32\OpenSSH\;C:\Program Files\dotnet\;C:\ProgramData\chocolatey\bin;C:\Program Files\Git\cmd;C:\Program Files\Java\jdk-17\bin;C:\Program Files\Amazon\AWSCLIV2\;C:\Program Files\nodejs\;C:\Users\SONY\AppData\Local\Microsoft\WindowsApps;;C:\dev\IntelliJ IDEA 2023.2.2\bin;;C:\Users\SONY\AppData\Local\Programs\Microsoft VS Code\bin;C:\Users\SONY\AppData\Roaming\npm
USERNAME=SONY
OS=Windows_NT
PROCESSOR_IDENTIFIER=Intel64 Family 6 Model 58 Stepping 9, GenuineIntel



---------------  S Y S T E M  ---------------

OS:
 Windows 10 , 64 bit Build 19041 (10.0.19041.4597)
OS uptime: 3 days 3:17 hours

CPU: total 4 (initial active 4) (2 cores per cpu, 2 threads per core) family 6 model 58 stepping 9 microcode 0x21, cx8, cmov, fxsr, ht, mmx, sse, sse2, sse3, ssse3, sse4.1, sse4.2, popcnt, tsc, tscinvbit, avx, erms, clmul, vzeroupper, clflush

Memory: 4k page, system-wide physical 8071M (863M free)
TotalPageFile size 8071M (AvailPageFile size 118M)
current process WorkingSet (physical memory assigned to process): 10M, peak: 10M
current process commit charge ("private bytes"): 51M, peak: 179M

vm_info: OpenJDK 64-Bit Server VM (16.0.2+7) for windows-amd64 JRE (16.0.2+7), built on Jul 22 2021 01:11:46 by "Administrator" with MS VC++ 15.9 (VS2017)

END.
