#
# There is insufficient memory for the Java Runtime Environment to continue.
# Native memory allocation (malloc) failed to allocate 652176 bytes for Chunk::new
# Possible reasons:
#   The system is out of physical RAM or swap space
#   The process is running with CompressedOops enabled, and the Java Heap may be blocking the growth of the native heap
# Possible solutions:
#   Reduce memory load on the system
#   Increase physical memory or swap space
#   Check if swap backing store is full
#   Decrease Java heap size (-Xmx/-Xms)
#   Decrease number of Java threads
#   Decrease Java thread stack sizes (-Xss)
#   Set larger code cache with -XX:ReservedCodeCacheSize=
#   JVM is running with Unscaled Compressed Oops mode in which the Java heap is
#     placed in the first 4GB address space. The Java Heap base address is the
#     maximum limit for the native heap growth. Please use -XX:HeapBaseMinAddress
#     to set the Java Heap base and to place the Java Heap above 4GB virtual address.
# This output file may be truncated or incomplete.
#
#  Out of Memory Error (arena.cpp:195), pid=12248, tid=4168
#
# JRE version: OpenJDK Runtime Environment Corretto-16.0.2.7.1 (16.0.2+7) (build 16.0.2+7)
# Java VM: OpenJDK 64-Bit Server VM Corretto-16.0.2.7.1 (16.0.2+7, mixed mode, sharing, tiered, compressed oops, compressed class ptrs, g1 gc, windows-amd64)
# No core dump will be written. Minidumps are not enabled by default on client versions of Windows
#

---------------  S U M M A R Y ------------

Command Line: -javaagent:C:\dev\IntelliJ IDEA 2023.2.2\lib\idea_rt.jar=3643:C:\dev\IntelliJ IDEA 2023.2.2\bin -Dfile.encoding=UTF-8 ie.setu.AppKt

Host: Intel(R) Core(TM) i3-3110M CPU @ 2.40GHz, 4 cores, 7G,  Windows 10 , 64 bit Build 19041 (10.0.19041.4597)
Time: Sat Aug 10 09:46:38 2024 GMT Daylight Time elapsed time: 10.508755 seconds (0d 0h 0m 10s)

---------------  T H R E A D  ---------------

Current thread (0x0000028c56684b00):  JavaThread "C2 CompilerThread0" daemon [_thread_in_native, id=4168, stack(0x000000917aa00000,0x000000917ab00000)]


Current CompileTask:
C2:  10508 2103   !   4       jdk.internal.loader.BuiltinClassLoader::loadClassOrNull (143 bytes)

Stack: [0x000000917aa00000,0x000000917ab00000]
Native frames: (J=compiled Java code, j=interpreted, Vv=VM code, C=native code)
V  [jvm.dll+0x647e0a]
V  [jvm.dll+0x7f0549]
V  [jvm.dll+0x7f1cfe]
V  [jvm.dll+0x7f2343]
V  [jvm.dll+0x23dd88]
V  [jvm.dll+0xc879a]
V  [jvm.dll+0xc8d4c]
V  [jvm.dll+0x29fbb2]
V  [jvm.dll+0x557f02]
V  [jvm.dll+0x218e28]
V  [jvm.dll+0x21209e]
V  [jvm.dll+0x20fe07]
V  [jvm.dll+0x1a0d9b]
V  [jvm.dll+0x21f909]
V  [jvm.dll+0x21da9b]
V  [jvm.dll+0x7a8662]
V  [jvm.dll+0x7a223a]
V  [jvm.dll+0x646c46]
C  [ucrtbase.dll+0x21bb2]
C  [KERNEL32.DLL+0x17374]
C  [ntdll.dll+0x4cc91]


---------------  P R O C E S S  ---------------

Threads class SMR info:
_java_thread_list=0x0000028c58301080, length=25, elements={
0x0000028c56666e50, 0x0000028c566684b0, 0x0000028c56673c90, 0x0000028c566747a0,
0x0000028c56677950, 0x0000028c5667bb10, 0x0000028c56684b00, 0x0000028c56688560,
0x0000028c5669d7d0, 0x0000028c56642a10, 0x0000028c57335130, 0x0000028c574b5ba0,
0x0000028c57b5e6d0, 0x0000028c584cf4f0, 0x0000028c58061870, 0x0000028c58509da0,
0x0000028c5850bb10, 0x0000028c58449590, 0x0000028c58448af0, 0x0000028c584485a0,
0x0000028c58449040, 0x0000028c58448050, 0x0000028c5857c840, 0x0000028c58579870,
0x0000028c5857bda0
}

Java Threads: ( => current thread )
  0x0000028c56666e50 JavaThread "Reference Handler" daemon [_thread_blocked, id=11696, stack(0x000000917a400000,0x000000917a500000)]
  0x0000028c566684b0 JavaThread "Finalizer" daemon [_thread_blocked, id=10568, stack(0x000000917a500000,0x000000917a600000)]
  0x0000028c56673c90 JavaThread "Signal Dispatcher" daemon [_thread_blocked, id=8504, stack(0x000000917a600000,0x000000917a700000)]
  0x0000028c566747a0 JavaThread "Attach Listener" daemon [_thread_blocked, id=10048, stack(0x000000917a700000,0x000000917a800000)]
  0x0000028c56677950 JavaThread "Service Thread" daemon [_thread_blocked, id=5408, stack(0x000000917a800000,0x000000917a900000)]
  0x0000028c5667bb10 JavaThread "Monitor Deflation Thread" daemon [_thread_blocked, id=10564, stack(0x000000917a900000,0x000000917aa00000)]
=>0x0000028c56684b00 JavaThread "C2 CompilerThread0" daemon [_thread_in_native, id=4168, stack(0x000000917aa00000,0x000000917ab00000)]
  0x0000028c56688560 JavaThread "C1 CompilerThread0" daemon [_thread_blocked, id=5884, stack(0x000000917ab00000,0x000000917ac00000)]
  0x0000028c5669d7d0 JavaThread "Sweeper thread" daemon [_thread_blocked, id=8532, stack(0x000000917ac00000,0x000000917ad00000)]
  0x0000028c56642a10 JavaThread "Common-Cleaner" daemon [_thread_blocked, id=11448, stack(0x000000917ad00000,0x000000917ae00000)]
  0x0000028c57335130 JavaThread "Monitor Ctrl-Break" daemon [_thread_in_native, id=8512, stack(0x000000917ae00000,0x000000917af00000)]
  0x0000028c574b5ba0 JavaThread "Notification Thread" daemon [_thread_blocked, id=7692, stack(0x000000917af00000,0x000000917b000000)]
  0x0000028c57b5e6d0 JavaThread "PostgreSQL-JDBC-Cleaner" daemon [_thread_blocked, id=11796, stack(0x000000917b700000,0x000000917b800000)]
  0x0000028c584cf4f0 JavaThread "JettyServerThreadPool-18" [_thread_in_native, id=4488, stack(0x000000917b600000,0x000000917b700000)]
  0x0000028c58061870 JavaThread "JettyServerThreadPool-19" [_thread_in_native, id=7084, stack(0x000000917b900000,0x000000917ba00000)]
  0x0000028c58509da0 JavaThread "JettyServerThreadPool-20-acceptor-0@46901d03-ServerConnector@36bc415e{HTTP/1.1, (http/1.1)}{0.0.0.0:7000}" [_thread_in_native, id=7740, stack(0x000000917ba00000,0x000000917bb00000)]
  0x0000028c5850bb10 JavaThread "JettyServerThreadPool-21" [_thread_blocked, id=10232, stack(0x000000917bb00000,0x000000917bc00000)]
  0x0000028c58449590 JavaThread "JettyServerThreadPool-22" [_thread_in_Java, id=5032, stack(0x000000917bc00000,0x000000917bd00000)]
  0x0000028c58448af0 JavaThread "JettyServerThreadPool-23" [_thread_blocked, id=7228, stack(0x000000917bd00000,0x000000917be00000)]
  0x0000028c584485a0 JavaThread "JettyServerThreadPool-24" [_thread_blocked, id=8016, stack(0x000000917be00000,0x000000917bf00000)]
  0x0000028c58449040 JavaThread "JettyServerThreadPool-25" [_thread_blocked, id=3048, stack(0x000000917bf00000,0x000000917c000000)]
  0x0000028c58448050 JavaThread "Scheduler-1602530280-1" [_thread_blocked, id=7000, stack(0x000000917c000000,0x000000917c100000)]
  0x0000028c5857c840 JavaThread "Session-HouseKeeper-529cfee5-1" [_thread_blocked, id=11392, stack(0x000000917c100000,0x000000917c200000)]
  0x0000028c58579870 JavaThread "DestroyJavaVM" [_thread_blocked, id=5592, stack(0x0000009179d00000,0x0000009179e00000)]
  0x0000028c5857bda0 JavaThread "Connector-Scheduler-36bc415e-1" [_thread_blocked, id=7176, stack(0x000000917b800000,0x000000917b900000)]

Other Threads:
  0x0000028c56662a60 VMThread "VM Thread" [stack: 0x000000917a300000,0x000000917a400000] [id=2148]
  0x0000028c574b6540 WatcherThread [stack: 0x000000917b000000,0x000000917b100000] [id=4800]
  0x0000028c35dfb5a0 GCTaskThread "GC Thread#0" [stack: 0x0000009179e00000,0x0000009179f00000] [id=5772]
  0x0000028c57b98b50 GCTaskThread "GC Thread#1" [stack: 0x000000917b200000,0x000000917b300000] [id=10548]
  0x0000028c57b98e60 GCTaskThread "GC Thread#2" [stack: 0x000000917b300000,0x000000917b400000] [id=10264]
  0x0000028c57b995f0 GCTaskThread "GC Thread#3" [stack: 0x000000917b400000,0x000000917b500000] [id=10044]
  0x0000028c35e08300 ConcurrentGCThread "G1 Main Marker" [stack: 0x0000009179f00000,0x000000917a000000] [id=5480]
  0x0000028c35e08d70 ConcurrentGCThread "G1 Conc#0" [stack: 0x000000917a000000,0x000000917a100000] [id=8288]
  0x0000028c35e7ff10 ConcurrentGCThread "G1 Refine#0" [stack: 0x000000917a100000,0x000000917a200000] [id=7956]
  0x0000028c57b99900 ConcurrentGCThread "G1 Refine#1" [stack: 0x000000917b500000,0x000000917b600000] [id=9916]
  0x0000028c35e80990 ConcurrentGCThread "G1 Service" [stack: 0x000000917a200000,0x000000917a300000] [id=11924]

Threads with active compile tasks:
C2 CompilerThread0    10582 2103   !   4       jdk.internal.loader.BuiltinClassLoader::loadClassOrNull (143 bytes)

VM state: not at safepoint (normal execution)

VM Mutex/Monitor currently owned by a thread: None

Heap address: 0x0000000081e00000, size: 2018 MB, Compressed Oops mode: 32-bit

CDS archive(s) mapped at: [0x0000000800000000-0x0000000800be0000-0x0000000800be0000), size 12451840, SharedBaseAddress: 0x0000000800000000, ArchiveRelocationMode: 0.
Compressed class space mapped at: 0x0000000800c00000-0x0000000840c00000, reserved size: 1073741824
Narrow klass base: 0x0000000800000000, Narrow klass shift: 3, Narrow klass range: 0x100000000

GC Precious Log:
 CPUs: 4 total, 4 available
 Memory: 8071M
 Large Page Support: Disabled
 NUMA Support: Disabled
 Compressed Oops: Enabled (32-bit)
 Heap Region Size: 1M
 Heap Min Capacity: 8M
 Heap Initial Capacity: 128M
 Heap Max Capacity: 2018M
 Pre-touch: Disabled
 Parallel Workers: 4
 Concurrent Workers: 1
 Concurrent Refinement Workers: 4
 Periodic GC: Disabled

Heap:
 garbage-first heap   total 34816K, used 27764K [0x0000000081e00000, 0x0000000100000000)
  region size 1024K, 23 young (23552K), 3 survivors (3072K)
 Metaspace       used 26152K, committed 26496K, reserved 1073152K
  class space    used 2881K, committed 3072K, reserved 1048576K

Heap Regions: E=young(eden), S=young(survivor), O=old, HS=humongous(starts), HC=humongous(continues), CS=collection set, F=free, OA=open archive, CA=closed archive, TAMS=top-at-mark-start (previous, next)
|   0|0x0000000081e00000, 0x0000000081f00000, 0x0000000081f00000|100%| O|  |TAMS 0x0000000081f00000, 0x0000000081e00000| Untracked 
|   1|0x0000000081f00000, 0x0000000082000000, 0x0000000082000000|100%| O|  |TAMS 0x0000000082000000, 0x0000000081f00000| Untracked 
|   2|0x0000000082000000, 0x0000000082100000, 0x0000000082100000|100%| O|  |TAMS 0x0000000082100000, 0x0000000082000000| Untracked 
|   3|0x0000000082100000, 0x0000000082200000, 0x0000000082200000|100%| O|  |TAMS 0x0000000082200000, 0x0000000082100000| Untracked 
|   4|0x0000000082200000, 0x0000000082300000, 0x0000000082300000|100%| O|  |TAMS 0x0000000082300000, 0x0000000082200000| Untracked 
|   5|0x0000000082300000, 0x0000000082300000, 0x0000000082400000|  0%| F|  |TAMS 0x0000000082300000, 0x0000000082300000| Untracked 
|   6|0x0000000082400000, 0x00000000824e4a00, 0x0000000082500000| 89%| O|  |TAMS 0x00000000824e4a00, 0x0000000082400000| Untracked 
|   7|0x0000000082500000, 0x0000000082500000, 0x0000000082600000|  0%| F|  |TAMS 0x0000000082500000, 0x0000000082500000| Untracked 
|   8|0x0000000082600000, 0x0000000082600000, 0x0000000082700000|  0%| F|  |TAMS 0x0000000082600000, 0x0000000082600000| Untracked 
|   9|0x0000000082700000, 0x0000000082700000, 0x0000000082800000|  0%| F|  |TAMS 0x0000000082700000, 0x0000000082700000| Untracked 
|  10|0x0000000082800000, 0x0000000082800000, 0x0000000082900000|  0%| F|  |TAMS 0x0000000082800000, 0x0000000082800000| Untracked 
|  11|0x0000000082900000, 0x00000000829f9be8, 0x0000000082a00000| 97%| E|  |TAMS 0x0000000082900000, 0x0000000082900000| Complete 
|  12|0x0000000082a00000, 0x0000000082b00000, 0x0000000082b00000|100%| E|CS|TAMS 0x0000000082a00000, 0x0000000082a00000| Complete 
|  13|0x0000000082b00000, 0x0000000082c00000, 0x0000000082c00000|100%| E|CS|TAMS 0x0000000082b00000, 0x0000000082b00000| Complete 
|  14|0x0000000082c00000, 0x0000000082d00000, 0x0000000082d00000|100%| E|CS|TAMS 0x0000000082c00000, 0x0000000082c00000| Complete 
|  15|0x0000000082d00000, 0x0000000082e00000, 0x0000000082e00000|100%| E|CS|TAMS 0x0000000082d00000, 0x0000000082d00000| Complete 
|  16|0x0000000082e00000, 0x0000000082f00000, 0x0000000082f00000|100%| E|CS|TAMS 0x0000000082e00000, 0x0000000082e00000| Complete 
|  17|0x0000000082f00000, 0x0000000083000000, 0x0000000083000000|100%| E|CS|TAMS 0x0000000082f00000, 0x0000000082f00000| Complete 
|  18|0x0000000083000000, 0x0000000083100000, 0x0000000083100000|100%| E|CS|TAMS 0x0000000083000000, 0x0000000083000000| Complete 
|  19|0x0000000083100000, 0x0000000083200000, 0x0000000083200000|100%| E|CS|TAMS 0x0000000083100000, 0x0000000083100000| Complete 
|  20|0x0000000083200000, 0x0000000083300000, 0x0000000083300000|100%| E|CS|TAMS 0x0000000083200000, 0x0000000083200000| Complete 
|  21|0x0000000083300000, 0x0000000083400000, 0x0000000083400000|100%| E|CS|TAMS 0x0000000083300000, 0x0000000083300000| Complete 
|  22|0x0000000083400000, 0x0000000083500000, 0x0000000083500000|100%| E|CS|TAMS 0x0000000083400000, 0x0000000083400000| Complete 
|  23|0x0000000083500000, 0x0000000083600000, 0x0000000083600000|100%| E|CS|TAMS 0x0000000083500000, 0x0000000083500000| Complete 
|  24|0x0000000083600000, 0x0000000083700000, 0x0000000083700000|100%| E|CS|TAMS 0x0000000083600000, 0x0000000083600000| Complete 
|  25|0x0000000083700000, 0x0000000083800000, 0x0000000083800000|100%| E|CS|TAMS 0x0000000083700000, 0x0000000083700000| Complete 
|  26|0x0000000083800000, 0x0000000083900000, 0x0000000083900000|100%| E|CS|TAMS 0x0000000083800000, 0x0000000083800000| Complete 
|  27|0x0000000083900000, 0x0000000083a00000, 0x0000000083a00000|100%| E|CS|TAMS 0x0000000083900000, 0x0000000083900000| Complete 
|  28|0x0000000083a00000, 0x0000000083b00000, 0x0000000083b00000|100%| E|CS|TAMS 0x0000000083a00000, 0x0000000083a00000| Complete 
|  29|0x0000000083b00000, 0x0000000083c00000, 0x0000000083c00000|100%| E|CS|TAMS 0x0000000083b00000, 0x0000000083b00000| Complete 
| 102|0x0000000088400000, 0x0000000088438630, 0x0000000088500000| 22%| S|CS|TAMS 0x0000000088400000, 0x0000000088400000| Complete 
| 104|0x0000000088600000, 0x0000000088700000, 0x0000000088700000|100%| S|CS|TAMS 0x0000000088600000, 0x0000000088600000| Complete 
| 105|0x0000000088700000, 0x0000000088800000, 0x0000000088800000|100%| S|CS|TAMS 0x0000000088700000, 0x0000000088700000| Complete 
| 127|0x0000000089d00000, 0x0000000089e00000, 0x0000000089e00000|100%| E|CS|TAMS 0x0000000089d00000, 0x0000000089d00000| Complete 

Card table byte_map: [0x0000028c4f970000,0x0000028c4fd70000] _byte_map_base: 0x0000028c4f561000

Marking Bits (Prev, Next): (CMBitMap*) 0x0000028c35dfbc50, (CMBitMap*) 0x0000028c35dfbc10
 Prev Bits: [0x0000028c52100000, 0x0000028c54088000)
 Next Bits: [0x0000028c50170000, 0x0000028c520f8000)

Polling page: 0x0000028c35c60000

Metaspace:

Usage:
  Non-class:     22.73 MB used.
      Class:      2.81 MB used.
       Both:     25.54 MB used.

Virtual space:
  Non-class space:       24.00 MB reserved,      22.88 MB ( 95%) committed,  3 nodes.
      Class space:        1.00 GB reserved,       3.00 MB ( <1%) committed,  1 nodes.
              Both:        1.02 GB reserved,      25.88 MB (  2%) committed. 

Chunk freelists:
   Non-Class:  847.00 KB
       Class:  1008.00 KB
        Both:  1.81 MB

MaxMetaspaceSize: 17179869184.00 GB
CompressedClassSpaceSize: 1.00 GB
 - commit_granule_bytes: 65536.
 - commit_granule_words: 8192.
 - virtual_space_node_default_size: 1048576.
 - enlarge_chunks_in_place: 1.
 - new_chunks_are_fully_committed: 0.
 - uncommit_free_chunks: 1.
 - use_allocation_guard: 0.
 - handle_deallocations: 1.


Internal statistics:

num_allocs_failed_limit: 3.
num_arena_births: 260.
num_arena_deaths: 0.
num_vsnodes_births: 4.
num_vsnodes_deaths: 0.
num_space_committed: 414.
num_space_uncommitted: 0.
num_chunks_returned_to_freelist: 3.
num_chunks_taken_from_freelist: 946.
num_chunk_merges: 0.
num_chunk_splits: 721.
num_chunks_enlarged: 586.
num_purges: 0.

CodeHeap 'non-profiled nmethods': size=120000Kb used=879Kb max_used=879Kb free=119120Kb
 bounds [0x0000028c47a20000, 0x0000028c47c90000, 0x0000028c4ef50000]
CodeHeap 'profiled nmethods': size=120000Kb used=3966Kb max_used=3966Kb free=116033Kb
 bounds [0x0000028c404f0000, 0x0000028c408d0000, 0x0000028c47a20000]
CodeHeap 'non-nmethods': size=5760Kb used=1300Kb max_used=1340Kb free=4459Kb
 bounds [0x0000028c3ff50000, 0x0000028c401c0000, 0x0000028c404f0000]
 total_blobs=2736 nmethods=2122 adapters=526
 compilation: enabled
              stopped_count=0, restarted_count=0
 full_count=0

Compilation events (20 events):
Event: 4.481 Thread 0x0000028c56688560 2090       3       java.lang.invoke.LambdaFormEditor::getInCache (165 bytes)
Event: 4.483 Thread 0x0000028c56688560 nmethod 2090 0x0000028c408c6110 code [0x0000028c408c63a0, 0x0000028c408c72d8]
Event: 4.483 Thread 0x0000028c56688560 2095       1       io.javalin.routing.HandlerEntry::getType (5 bytes)
Event: 4.483 Thread 0x0000028c56688560 nmethod 2095 0x0000028c47aebf90 code [0x0000028c47aec120, 0x0000028c47aec1f8]
Event: 4.483 Thread 0x0000028c56688560 2092       3       kotlin.text.StringsKt__StringsKt::indexOf (57 bytes)
Event: 4.484 Thread 0x0000028c56688560 nmethod 2092 0x0000028c408c7690 code [0x0000028c408c7960, 0x0000028c408c8808]
Event: 4.484 Thread 0x0000028c56688560 2097       1       io.javalin.routing.HandlerEntry::getPath (5 bytes)
Event: 4.484 Thread 0x0000028c56688560 nmethod 2097 0x0000028c47aec290 code [0x0000028c47aec420, 0x0000028c47aec4f8]
Event: 4.484 Thread 0x0000028c56688560 2094       1       kotlin.collections.EmptyList::getSize (2 bytes)
Event: 4.484 Thread 0x0000028c56688560 nmethod 2094 0x0000028c47aec590 code [0x0000028c47aec720, 0x0000028c47aec7f8]
Event: 4.484 Thread 0x0000028c56688560 2096       1       java.util.Collections$SingletonList::size (2 bytes)
Event: 4.485 Thread 0x0000028c56688560 nmethod 2096 0x0000028c47aec890 code [0x0000028c47aeca20, 0x0000028c47aecaf8]
Event: 4.902 Thread 0x0000028c56684b00 nmethod 2023 0x0000028c47aecb90 code [0x0000028c47aeda60, 0x0000028c47af5438]
Event: 10.254 Thread 0x0000028c56684b00 2102       4       jdk.internal.loader.BuiltinClassLoader::findLoadedModule (33 bytes)
Event: 10.295 Thread 0x0000028c56684b00 nmethod 2102 0x0000028c47af9d90 code [0x0000028c47af9f60, 0x0000028c47afaad8]
Event: 10.295 Thread 0x0000028c56684b00 2103   !   4       jdk.internal.loader.BuiltinClassLoader::loadClassOrNull (143 bytes)
Event: 10.308 Thread 0x0000028c56688560 2105       3       java.util.zip.ZipCoder$UTF8ZipCoder::toString (12 bytes)
Event: 10.309 Thread 0x0000028c56688560 nmethod 2105 0x0000028c408c8c90 code [0x0000028c408c8e40, 0x0000028c408c8fe8]
Event: 10.309 Thread 0x0000028c56688560 2106       3       java.lang.System$2::newStringUTF8NoRepl (7 bytes)
Event: 10.309 Thread 0x0000028c56688560 nmethod 2106 0x0000028c408c9110 code [0x0000028c408c92c0, 0x0000028c408c9408]

GC Heap History (8 events):
Event: 1.166 GC heap before
{Heap before GC invocations=0 (full 0):
 garbage-first heap   total 131072K, used 13312K [0x0000000081e00000, 0x0000000100000000)
  region size 1024K, 13 young (13312K), 0 survivors (0K)
 Metaspace       used 4754K, committed 4864K, reserved 1056768K
  class space    used 454K, committed 512K, reserved 1048576K
}
Event: 1.175 GC heap after
{Heap after GC invocations=1 (full 0):
 garbage-first heap   total 131072K, used 4373K [0x0000000081e00000, 0x0000000100000000)
  region size 1024K, 2 young (2048K), 2 survivors (2048K)
 Metaspace       used 4754K, committed 4864K, reserved 1056768K
  class space    used 454K, committed 512K, reserved 1048576K
}
Event: 2.294 GC heap before
{Heap before GC invocations=1 (full 0):
 garbage-first heap   total 131072K, used 13589K [0x0000000081e00000, 0x0000000100000000)
  region size 1024K, 12 young (12288K), 2 survivors (2048K)
 Metaspace       used 10141K, committed 10304K, reserved 1064960K
  class space    used 1035K, committed 1152K, reserved 1048576K
}
Event: 2.301 GC heap after
{Heap after GC invocations=2 (full 0):
 garbage-first heap   total 131072K, used 6264K [0x0000000081e00000, 0x0000000100000000)
  region size 1024K, 2 young (2048K), 2 survivors (2048K)
 Metaspace       used 10141K, committed 10304K, reserved 1064960K
  class space    used 1035K, committed 1152K, reserved 1048576K
}
Event: 2.951 GC heap before
{Heap before GC invocations=2 (full 0):
 garbage-first heap   total 131072K, used 29816K [0x0000000081e00000, 0x0000000100000000)
  region size 1024K, 24 young (24576K), 2 survivors (2048K)
 Metaspace       used 16653K, committed 16832K, reserved 1064960K
  class space    used 1694K, committed 1792K, reserved 1048576K
}
Event: 2.956 GC heap after
{Heap after GC invocations=3 (full 0):
 garbage-first heap   total 131072K, used 6963K [0x0000000081e00000, 0x0000000100000000)
  region size 1024K, 1 young (1024K), 1 survivors (1024K)
 Metaspace       used 16653K, committed 16832K, reserved 1064960K
  class space    used 1694K, committed 1792K, reserved 1048576K
}
Event: 3.773 GC heap before
{Heap before GC invocations=3 (full 0):
 garbage-first heap   total 131072K, used 28467K [0x0000000081e00000, 0x0000000100000000)
  region size 1024K, 23 young (23552K), 1 survivors (1024K)
 Metaspace       used 21047K, committed 21248K, reserved 1073152K
  class space    used 2256K, committed 2304K, reserved 1048576K
}
Event: 3.777 GC heap after
{Heap after GC invocations=4 (full 0):
 garbage-first heap   total 131072K, used 8308K [0x0000000081e00000, 0x0000000100000000)
  region size 1024K, 3 young (3072K), 3 survivors (3072K)
 Metaspace       used 21047K, committed 21248K, reserved 1073152K
  class space    used 2256K, committed 2304K, reserved 1048576K
}

Deoptimization events (20 events):
Event: 3.598 Thread 0x0000028c35dbd6a0 Uncommon trap: trap_request=0xffffffde fr.pc=0x0000028c47ac19d0 relative=0x0000000000000470
Event: 3.598 Thread 0x0000028c35dbd6a0 Uncommon trap: reason=class_check action=maybe_recompile pc=0x0000028c47ac19d0 method=kotlin.reflect.jvm.internal.impl.protobuf.CodedInputStream.tryRefillBuffer(I)Z @ 175 c2
Event: 3.598 Thread 0x0000028c35dbd6a0 DEOPT PACKING pc=0x0000028c47ac19d0 sp=0x0000009179dfd340
Event: 3.598 Thread 0x0000028c35dbd6a0 DEOPT UNPACKING pc=0x0000028c3ff9d72e sp=0x0000009179dfd228 mode 2
Event: 3.598 Thread 0x0000028c35dbd6a0 Uncommon trap: trap_request=0xffffffde fr.pc=0x0000028c47ac19d0 relative=0x0000000000000470
Event: 3.598 Thread 0x0000028c35dbd6a0 Uncommon trap: reason=class_check action=maybe_recompile pc=0x0000028c47ac19d0 method=kotlin.reflect.jvm.internal.impl.protobuf.CodedInputStream.tryRefillBuffer(I)Z @ 175 c2
Event: 3.598 Thread 0x0000028c35dbd6a0 DEOPT PACKING pc=0x0000028c47ac19d0 sp=0x0000009179dfd440
Event: 3.598 Thread 0x0000028c35dbd6a0 DEOPT UNPACKING pc=0x0000028c3ff9d72e sp=0x0000009179dfd328 mode 2
Event: 3.598 Thread 0x0000028c35dbd6a0 Uncommon trap: trap_request=0xffffffde fr.pc=0x0000028c47ac19d0 relative=0x0000000000000470
Event: 3.598 Thread 0x0000028c35dbd6a0 Uncommon trap: reason=class_check action=maybe_recompile pc=0x0000028c47ac19d0 method=kotlin.reflect.jvm.internal.impl.protobuf.CodedInputStream.tryRefillBuffer(I)Z @ 175 c2
Event: 3.598 Thread 0x0000028c35dbd6a0 DEOPT PACKING pc=0x0000028c47ac19d0 sp=0x0000009179dfd440
Event: 3.598 Thread 0x0000028c35dbd6a0 DEOPT UNPACKING pc=0x0000028c3ff9d72e sp=0x0000009179dfd328 mode 2
Event: 4.346 Thread 0x0000028c35dbd6a0 Uncommon trap: trap_request=0xffffff45 fr.pc=0x0000028c47a57de0 relative=0x00000000000008e0
Event: 4.346 Thread 0x0000028c35dbd6a0 Uncommon trap: reason=unstable_if action=reinterpret pc=0x0000028c47a57de0 method=java.util.zip.ZipFile$Source.getEntryPos(Ljava/lang/String;Z)I @ 105 c2
Event: 4.346 Thread 0x0000028c35dbd6a0 DEOPT PACKING pc=0x0000028c47a57de0 sp=0x0000009179dfe740
Event: 4.346 Thread 0x0000028c35dbd6a0 DEOPT UNPACKING pc=0x0000028c3ff9d72e sp=0x0000009179dfe660 mode 2
Event: 4.369 Thread 0x0000028c35dbd6a0 Uncommon trap: trap_request=0xffffff45 fr.pc=0x0000028c47acd77c relative=0x000000000000005c
Event: 4.369 Thread 0x0000028c35dbd6a0 Uncommon trap: reason=unstable_if action=reinterpret pc=0x0000028c47acd77c method=java.util.Objects.equals(Ljava/lang/Object;Ljava/lang/Object;)Z @ 6 c2
Event: 4.369 Thread 0x0000028c35dbd6a0 DEOPT PACKING pc=0x0000028c47acd77c sp=0x0000009179dfedd0
Event: 4.369 Thread 0x0000028c35dbd6a0 DEOPT UNPACKING pc=0x0000028c3ff9d72e sp=0x0000009179dfed70 mode 2

Classes unloaded (0 events):
No events

Classes redefined (0 events):
No events

Internal exceptions (20 events):
Event: 2.751 Thread 0x0000028c35dbd6a0 Exception <a 'java/lang/NoSuchMethodError'{0x0000000088a0e420}: 'long java.lang.invoke.DirectMethodHandle$Holder.invokeInterface(java.lang.Object, java.lang.Object)'> (0x0000000088a0e420) 
thrown [c:\wsjdk\correttojdksrc\installers\windows\zip\corretto-build\buildroot\src\hotspot\share\interpreter\linkResolver.cpp, line 790]
Event: 2.752 Thread 0x0000028c35dbd6a0 Exception <a 'java/lang/IncompatibleClassChangeError'{0x0000000088a11bf8}: Found class java.lang.Object, but interface was expected> (0x0000000088a11bf8) 
thrown [c:\wsjdk\correttojdksrc\installers\windows\zip\corretto-build\buildroot\src\hotspot\share\interpreter\linkResolver.cpp, line 857]
Event: 2.861 Thread 0x0000028c35dbd6a0 Implicit null exception at 0x0000028c47a9a4b9 to 0x0000028c47a9bd50
Event: 3.701 Thread 0x0000028c35dbd6a0 Exception <a 'java/lang/NoSuchMethodError'{0x0000000088a85820}: 'void java.lang.invoke.DirectMethodHandle$Holder.invokeStaticInit(java.lang.Object, java.lang.Object, java.lang.Object)'> (0x0000000088a85820) 
thrown [c:\wsjdk\correttojdksrc\installers\windows\zip\corretto-build\buildroot\src\hotspot\share\interpreter\linkResolver.cpp, line 790]
Event: 3.809 Thread 0x0000028c35dbd6a0 Exception <a 'java/lang/NoSuchMethodError'{0x0000000089dd94a8}: 'java.lang.Object java.lang.invoke.DirectMethodHandle$Holder.invokeStatic(java.lang.Object, java.lang.Object, int)'> (0x0000000089dd94a8) 
thrown [c:\wsjdk\correttojdksrc\installers\windows\zip\corretto-build\buildroot\src\hotspot\share\interpreter\linkResolver.cpp, line 790]
Event: 3.812 Thread 0x0000028c35dbd6a0 Exception <a 'java/lang/NoSuchMethodError'{0x0000000089de5650}: 'void java.lang.invoke.DelegatingMethodHandle$Holder.delegate(java.lang.Object, java.lang.Object, int, java.lang.Object)'> (0x0000000089de5650) 
thrown [c:\wsjdk\correttojdksrc\installers\windows\zip\corretto-build\buildroot\src\hotspot\share\interpreter\linkResolver.cpp, line 790]
Event: 3.869 Thread 0x0000028c35dbd6a0 Exception <a 'java/lang/NoSuchMethodError'{0x0000000083a14788}: 'void java.lang.invoke.DirectMethodHandle$Holder.invokeStaticInit(java.lang.Object)'> (0x0000000083a14788) 
thrown [c:\wsjdk\correttojdksrc\installers\windows\zip\corretto-build\buildroot\src\hotspot\share\interpreter\linkResolver.cpp, line 790]
Event: 3.970 Thread 0x0000028c35dbd6a0 Exception <a 'java/lang/NoSuchMethodError'{0x0000000083853508}: 'int java.lang.invoke.DirectMethodHandle$Holder.invokeSpecial(java.lang.Object, java.lang.Object, int)'> (0x0000000083853508) 
thrown [c:\wsjdk\correttojdksrc\installers\windows\zip\corretto-build\buildroot\src\hotspot\share\interpreter\linkResolver.cpp, line 790]
Event: 4.016 Thread 0x0000028c35dbd6a0 Exception <a 'java/lang/NoSuchMethodError'{0x0000000083702c50}: 'int java.lang.invoke.DirectMethodHandle$Holder.invokeInterface(java.lang.Object, java.lang.Object)'> (0x0000000083702c50) 
thrown [c:\wsjdk\correttojdksrc\installers\windows\zip\corretto-build\buildroot\src\hotspot\share\interpreter\linkResolver.cpp, line 790]
Event: 4.021 Thread 0x0000028c35dbd6a0 Exception <a 'java/lang/NoSuchMethodError'{0x0000000083710790}: 'java.lang.Object java.lang.invoke.Invokers$Holder.invoke_MT(java.lang.Object, java.lang.Object, java.lang.Object)'> (0x0000000083710790) 
thrown [c:\wsjdk\correttojdksrc\installers\windows\zip\corretto-build\buildroot\src\hotspot\share\interpreter\linkResolver.cpp, line 790]
Event: 4.022 Thread 0x0000028c35dbd6a0 Exception <a 'java/lang/NoSuchMethodError'{0x0000000083714878}: 'java.lang.Object java.lang.invoke.Invokers$Holder.invokeExact_MT(java.lang.Object, java.lang.Object, java.lang.Object)'> (0x0000000083714878) 
thrown [c:\wsjdk\correttojdksrc\installers\windows\zip\corretto-build\buildroot\src\hotspot\share\interpreter\linkResolver.cpp, line 790]
Event: 4.032 Thread 0x0000028c35dbd6a0 Exception <a 'java/lang/NoSuchMethodError'{0x000000008373fe58}: 'java.lang.Object java.lang.invoke.Invokers$Holder.linkToTargetMethod(java.lang.Object, long, java.lang.Object)'> (0x000000008373fe58) 
thrown [c:\wsjdk\correttojdksrc\installers\windows\zip\corretto-build\buildroot\src\hotspot\share\interpreter\linkResolver.cpp, line 790]
Event: 4.078 Thread 0x0000028c35dbd6a0 Exception <a 'java/lang/NoSuchMethodError'{0x000000008348c450}: 'void java.lang.invoke.DirectMethodHandle$Holder.invokeVirtual(java.lang.Object, java.lang.Object, java.lang.Object, java.lang.Object)'> (0x000000008348c450) 
thrown [c:\wsjdk\correttojdksrc\installers\windows\zip\corretto-build\buildroot\src\hotspot\share\interpreter\linkResolver.cpp, line 790]
Event: 4.092 Thread 0x0000028c35dbd6a0 Exception <a 'java/lang/NoSuchMethodError'{0x00000000834dbf10}: 'java.lang.Object java.lang.invoke.Invokers$Holder.invokeExact_MT(java.lang.Object, java.lang.Object, java.lang.Object, java.lang.Object, java.lang.Object, java.lang.Object)'> (0x00000000834dbf10) 
thrown [c:\wsjdk\correttojdksrc\installers\windows\zip\corretto-build\buildroot\src\hotspot\share\interpreter\linkResolver.cpp, line 790]
Event: 4.137 Thread 0x0000028c35dbd6a0 Exception <a 'java/lang/NoSuchMethodError'{0x00000000833dd710}: 'void java.lang.invoke.DirectMethodHandle$Holder.invokeInterface(java.lang.Object, java.lang.Object, java.lang.Object)'> (0x00000000833dd710) 
thrown [c:\wsjdk\correttojdksrc\installers\windows\zip\corretto-build\buildroot\src\hotspot\share\interpreter\linkResolver.cpp, line 790]
Event: 4.141 Thread 0x0000028c35dbd6a0 Exception <a 'java/lang/NoSuchMethodError'{0x00000000833ede30}: 'java.lang.Object java.lang.invoke.DirectMethodHandle$Holder.invokeInterface(java.lang.Object, java.lang.Object, java.lang.Object)'> (0x00000000833ede30) 
thrown [c:\wsjdk\correttojdksrc\installers\windows\zip\corretto-build\buildroot\src\hotspot\share\interpreter\linkResolver.cpp, line 790]
Event: 4.173 Thread 0x0000028c35dbd6a0 Exception <a 'java/lang/NoSuchMethodError'{0x000000008324f8b8}: 'void java.lang.invoke.DirectMethodHandle$Holder.invokeInterface(java.lang.Object, java.lang.Object)'> (0x000000008324f8b8) 
thrown [c:\wsjdk\correttojdksrc\installers\windows\zip\corretto-build\buildroot\src\hotspot\share\interpreter\linkResolver.cpp, line 790]
Event: 4.218 Thread 0x0000028c35dbd6a0 Exception <a 'java/lang/NoSuchMethodError'{0x0000000083188800}: 'java.lang.Object java.lang.invoke.DirectMethodHandle$Holder.invokeSpecial(java.lang.Object, java.lang.Object, long, java.lang.Object, java.lang.Object, java.lang.Object, int, java.lang.Object, java.lang.Object, java.lang.Object, java.lang.Object)'> (0x0000000083188800) 
thrown [c:\wsjdk\correttojdksrc\installers\windows\zip\corretto-build\buildroot\src\hotspot\share\interpreter\linkResolver.cpp, line 790]
Event: 4.219 Thread 0x0000028c35dbd6a0 Exception <a 'java/lang/NoSuchMethodError'{0x000000008318d560}: 'java.lang.Object java.lang.invoke.DelegatingMethodHandle$Holder.reinvoke_L(java.lang.Object, long, java.lang.Object, java.lang.Object, java.lang.Object, int, java.lang.Object, java.lang.Object, java.lang.Object, java.lang.Object)'> (0x000000008318d560) 
thrown [c:\wsjdk\correttojdksrc\installers\windows\zip\corretto-build\buildroot\src\hotspot\share\interpreter\linkResolver.cpp, line 790]
Event: 4.361 Thread 0x0000028c35dbd6a0 Exception <a 'java/lang/NoSuchMethodError'{0x0000000082c29168}: 'java.lang.Object java.lang.invoke.Invokers$Holder.linkToTargetMethod(java.lang.Object, java.lang.Object, int, java.lang.Object, java.lang.Object)'> (0x0000000082c29168) 
thrown [c:\wsjdk\correttojdksrc\installers\windows\zip\corretto-build\buildroot\src\hotspot\share\interpreter\linkResolver.cpp, line 790]

Events (20 events):
Event: 5.351 Executing  VM operation: Cleanup done
Event: 8.682 Thread 0x0000028c5838f780 Thread exited: 0x0000028c5838f780
Event: 9.484 Thread 0x0000028c5831cfe0 Thread exited: 0x0000028c5831cfe0
Event: 10.250 loading class sun/nio/ch/SocketChannelImpl$DefaultOptionsHolder
Event: 10.250 loading class sun/nio/ch/SocketChannelImpl$DefaultOptionsHolder done
Event: 10.252 loading class java/lang/invoke/ConstantBootstraps
Event: 10.252 loading class java/lang/invoke/ConstantBootstraps done
Event: 10.253 loading class sun/nio/ch/WindowsSelectorImpl$MapEntry
Event: 10.253 loading class sun/nio/ch/WindowsSelectorImpl$MapEntry done
Event: 10.266 loading class java/util/concurrent/TimeoutException
Event: 10.266 loading class java/util/concurrent/TimeoutException done
Event: 10.292 loading class java/nio/channels/ReadPendingException
Event: 10.293 loading class java/nio/channels/ReadPendingException done
Event: 10.293 loading class java/nio/channels/ClosedChannelException
Event: 10.293 loading class java/nio/channels/ClosedChannelException done
Event: 10.297 loading class java/nio/channels/WritePendingException
Event: 10.297 loading class java/nio/channels/WritePendingException done
Event: 10.303 Thread 0x0000028c5857bda0 Thread added: 0x0000028c5857bda0
Event: 10.390 Executing  VM operation: Cleanup
Event: 10.456 Executing  VM operation: Cleanup done


Dynamic libraries:
0x00007ff66dad0000 - 0x00007ff66dadd000 	C:\Users\SONY\.jdks\corretto-16.0.2\bin\java.exe
0x00007ff828430000 - 0x00007ff828628000 	C:\Windows\SYSTEM32\ntdll.dll
0x00007ff826740000 - 0x00007ff826801000 	C:\Windows\System32\KERNEL32.DLL
0x00007ff826100000 - 0x00007ff8263f6000 	C:\Windows\System32\KERNELBASE.dll
0x00007ff825db0000 - 0x00007ff825eb0000 	C:\Windows\System32\ucrtbase.dll
0x00007ff817960000 - 0x00007ff817978000 	C:\Users\SONY\.jdks\corretto-16.0.2\bin\jli.dll
0x00007ff8197c0000 - 0x00007ff8197d5000 	C:\Users\SONY\.jdks\corretto-16.0.2\bin\VCRUNTIME140.dll
0x00007ff827ff0000 - 0x00007ff82818f000 	C:\Windows\System32\USER32.dll
0x00007ff826430000 - 0x00007ff826452000 	C:\Windows\System32\win32u.dll
0x00007ff816780000 - 0x00007ff816a1a000 	C:\Windows\WinSxS\amd64_microsoft.windows.common-controls_6595b64144ccf1df_6.0.19041.4355_none_60b8b9eb71f62e16\COMCTL32.dll
0x00007ff827390000 - 0x00007ff8273bb000 	C:\Windows\System32\GDI32.dll
0x00007ff825eb0000 - 0x00007ff825fc7000 	C:\Windows\System32\gdi32full.dll
0x00007ff826810000 - 0x00007ff8268ae000 	C:\Windows\System32\msvcrt.dll
0x00007ff826060000 - 0x00007ff8260fd000 	C:\Windows\System32\msvcp_win.dll
0x00007ff827350000 - 0x00007ff82737f000 	C:\Windows\System32\IMM32.DLL
0x00007ff808310000 - 0x00007ff8083ab000 	C:\Users\SONY\.jdks\corretto-16.0.2\bin\msvcp140.dll
0x00007ffff5660000 - 0x00007ffff6269000 	C:\Users\SONY\.jdks\corretto-16.0.2\bin\server\jvm.dll
0x00007ff828270000 - 0x00007ff828320000 	C:\Windows\System32\ADVAPI32.dll
0x00007ff827280000 - 0x00007ff827320000 	C:\Windows\System32\sechost.dll
0x00007ff826610000 - 0x00007ff826733000 	C:\Windows\System32\RPCRT4.dll
0x00007ff826400000 - 0x00007ff826427000 	C:\Windows\System32\bcrypt.dll
0x00007ff827320000 - 0x00007ff827328000 	C:\Windows\System32\PSAPI.DLL
0x00007ff822200000 - 0x00007ff822209000 	C:\Windows\SYSTEM32\WSOCK32.dll
0x00007ff815420000 - 0x00007ff815447000 	C:\Windows\SYSTEM32\WINMM.dll
0x00007ff828320000 - 0x00007ff82838b000 	C:\Windows\System32\WS2_32.dll
0x00007ff8146e0000 - 0x00007ff8146ea000 	C:\Windows\SYSTEM32\VERSION.dll
0x00007ff823960000 - 0x00007ff823972000 	C:\Windows\SYSTEM32\kernel.appcore.dll
0x00007ff822190000 - 0x00007ff82219a000 	C:\Users\SONY\.jdks\corretto-16.0.2\bin\jimage.dll
0x00007ff811790000 - 0x00007ff811974000 	C:\Windows\SYSTEM32\DBGHELP.DLL
0x00007ff811680000 - 0x00007ff8116b4000 	C:\Windows\SYSTEM32\dbgcore.DLL
0x00007ff825fd0000 - 0x00007ff826052000 	C:\Windows\System32\bcryptPrimitives.dll
0x00007ff8201d0000 - 0x00007ff8201de000 	C:\Users\SONY\.jdks\corretto-16.0.2\bin\instrument.dll
0x00007ff8171a0000 - 0x00007ff8171c5000 	C:\Users\SONY\.jdks\corretto-16.0.2\bin\java.dll
0x00007ff827490000 - 0x00007ff827bfc000 	C:\Windows\System32\SHELL32.dll
0x00007ff823b60000 - 0x00007ff8242fe000 	C:\Windows\SYSTEM32\windows.storage.dll
0x00007ff826990000 - 0x00007ff826ce3000 	C:\Windows\System32\combase.dll
0x00007ff825490000 - 0x00007ff8254be000 	C:\Windows\SYSTEM32\Wldp.dll
0x00007ff8273c0000 - 0x00007ff82748d000 	C:\Windows\System32\OLEAUT32.dll
0x00007ff827f40000 - 0x00007ff827fed000 	C:\Windows\System32\SHCORE.dll
0x00007ff828390000 - 0x00007ff8283e5000 	C:\Windows\System32\shlwapi.dll
0x00007ff825a10000 - 0x00007ff825a34000 	C:\Windows\SYSTEM32\profapi.dll
0x00007ff815350000 - 0x00007ff815368000 	C:\Users\SONY\.jdks\corretto-16.0.2\bin\zip.dll
0x00007ff815c50000 - 0x00007ff815c69000 	C:\Users\SONY\.jdks\corretto-16.0.2\bin\net.dll
0x00007ff81cb60000 - 0x00007ff81cc6a000 	C:\Windows\SYSTEM32\WINHTTP.dll
0x00007ff8251f0000 - 0x00007ff82525a000 	C:\Windows\system32\mswsock.dll
0x00007ff815c00000 - 0x00007ff815c13000 	C:\Users\SONY\.jdks\corretto-16.0.2\bin\nio.dll
0x00007ff81eef0000 - 0x00007ff81ef0a000 	C:\dev\IntelliJ IDEA 2023.2.2\bin\breakgen64.dll
0x00007ff824f10000 - 0x00007ff824fda000 	C:\Windows\SYSTEM32\DNSAPI.dll
0x00007ff824ed0000 - 0x00007ff824f0b000 	C:\Windows\SYSTEM32\IPHLPAPI.DLL
0x00007ff827270000 - 0x00007ff827278000 	C:\Windows\System32\NSI.dll
0x00007ff817a80000 - 0x00007ff817a8a000 	C:\Windows\System32\rasadhlp.dll
0x00007ff817bc0000 - 0x00007ff817c40000 	C:\Windows\System32\fwpuclnt.dll
0x00007ff81b310000 - 0x00007ff81b319000 	C:\Users\SONY\.jdks\corretto-16.0.2\bin\management.dll
0x00007ff8197b0000 - 0x00007ff8197bb000 	C:\Users\SONY\.jdks\corretto-16.0.2\bin\management_ext.dll
0x00007ff8253f0000 - 0x00007ff825408000 	C:\Windows\SYSTEM32\CRYPTSP.dll
0x00007ff824b10000 - 0x00007ff824b44000 	C:\Windows\system32\rsaenh.dll
0x00007ff825980000 - 0x00007ff8259ae000 	C:\Windows\SYSTEM32\USERENV.dll
0x00007ff8253e0000 - 0x00007ff8253ec000 	C:\Windows\SYSTEM32\CRYPTBASE.dll
0x00007ff81d8b0000 - 0x00007ff81d8c7000 	C:\Windows\SYSTEM32\dhcpcsvc6.DLL
0x00007ff81e1e0000 - 0x00007ff81e1fd000 	C:\Windows\SYSTEM32\dhcpcsvc.DLL
0x00007ff8201c0000 - 0x00007ff8201ce000 	C:\Users\SONY\.jdks\corretto-16.0.2\bin\sunmscapi.dll
0x00007ff825c50000 - 0x00007ff825dae000 	C:\Windows\System32\CRYPT32.dll
0x00007ff825500000 - 0x00007ff825529000 	C:\Windows\SYSTEM32\ncrypt.dll
0x00007ff8254c0000 - 0x00007ff8254fb000 	C:\Windows\SYSTEM32\NTASN1.dll
0x00007ff81e950000 - 0x00007ff81e960000 	C:\Users\SONY\.jdks\corretto-16.0.2\bin\verify.dll
0x00007ff8209a0000 - 0x00007ff8209a7000 	C:\Windows\system32\wshunix.dll

dbghelp: loaded successfully - version: 4.0.5 - missing functions: none
symbol engine: initialized successfully - sym options: 0x614 - pdb path: .;C:\Users\SONY\.jdks\corretto-16.0.2\bin;C:\Windows\SYSTEM32;C:\Windows\WinSxS\amd64_microsoft.windows.common-controls_6595b64144ccf1df_6.0.19041.4355_none_60b8b9eb71f62e16;C:\Users\SONY\.jdks\corretto-16.0.2\bin\server;C:\dev\IntelliJ IDEA 2023.2.2\bin

VM Arguments:
jvm_args: -javaagent:C:\dev\IntelliJ IDEA 2023.2.2\lib\idea_rt.jar=3643:C:\dev\IntelliJ IDEA 2023.2.2\bin -Dfile.encoding=UTF-8 
java_command: ie.setu.AppKt
java_class_path (initial): N:\SETU\agile-workspace\Resubmit\healthtrackerrest\target\classes;C:\Users\SONY\.m2\repository\org\jetbrains\kotlin\kotlin-stdlib\1.8.0\kotlin-stdlib-1.8.0.jar;C:\Users\SONY\.m2\repository\org\jetbrains\kotlin\kotlin-stdlib-common\1.8.0\kotlin-stdlib-common-1.8.0.jar;C:\Users\SONY\.m2\repository\org\jetbrains\annotations\13.0\annotations-13.0.jar;C:\Users\SONY\.m2\repository\io\javalin\javalin\5.6.0\javalin-5.6.0.jar;C:\Users\SONY\.m2\repository\org\slf4j\slf4j-api\2.0.7\slf4j-api-2.0.7.jar;C:\Users\SONY\.m2\repository\org\eclipse\jetty\jetty-server\11.0.15\jetty-server-11.0.15.jar;C:\Users\SONY\.m2\repository\org\eclipse\jetty\toolchain\jetty-jakarta-servlet-api\5.0.2\jetty-jakarta-servlet-api-5.0.2.jar;C:\Users\SONY\.m2\repository\org\eclipse\jetty\jetty-http\11.0.15\jetty-http-11.0.15.jar;C:\Users\SONY\.m2\repository\org\eclipse\jetty\jetty-util\11.0.15\jetty-util-11.0.15.jar;C:\Users\SONY\.m2\repository\org\eclipse\jetty\jetty-io\11.0.15\jetty-io-11.0.15.jar;C:\Users\SONY\.m2\repository\org\eclipse\jetty\jetty-webapp\11.0.15\jetty-webapp-11.0.15.jar;C:\Users\SONY\.m2\repository\org\eclipse\jetty\jetty-servlet\11.0.15\jetty-servlet-11.0.15.jar;C:\Users\SONY\.m2\repository\org\eclipse\jetty\jetty-security\11.0.15\jetty-security-11.0.15.jar;C:\Users\SONY\.m2\repository\org\eclipse\jetty\jetty-xml\11.0.15\jetty-xml-11.0.15.jar;C:\Users\SONY\.m2\repository\org\eclipse\jetty\websocket\websocket-jetty-server\11.0.15\websocket-jetty-server-11.0.15.jar;C:\Users\SONY\.m2\repository\org\eclipse\jetty\websocket\websocket-jetty-common\11.0.15\websocket-jetty-common-11.0.15.jar;C:\Users\SONY\.m2\repository\org\eclipse\jetty\websocket\websocket-core-common\11.0.15\websocket-core-common-11.0.15.jar;C:\Users\SONY\.m2\repository\org\eclipse\jetty\websocket\websocket-servlet\11.0.15\websocket-servlet-11.0.15.jar;C:\Users\SONY\.m2\repository\org\eclipse\jetty\websocket\websocket-core-server\11.0.15\websocket-core-server-11.0.15.jar;C:\Users\SONY\.m2\rep
Launcher Type: SUN_STANDARD

[Global flags]
     intx CICompilerCount                          = 3                                         {product} {ergonomic}
     uint ConcGCThreads                            = 1                                         {product} {ergonomic}
     uint G1ConcRefinementThreads                  = 4                                         {product} {ergonomic}
   size_t G1HeapRegionSize                         = 1048576                                   {product} {ergonomic}
    uintx GCDrainStackTargetSize                   = 64                                        {product} {ergonomic}
   size_t InitialHeapSize                          = 134217728                                 {product} {ergonomic}
   size_t MarkStackSize                            = 4194304                                   {product} {ergonomic}
   size_t MaxHeapSize                              = 2116026368                                {product} {ergonomic}
   size_t MaxNewSize                               = 1268776960                                {product} {ergonomic}
   size_t MinHeapDeltaBytes                        = 1048576                                   {product} {ergonomic}
   size_t MinHeapSize                              = 8388608                                   {product} {ergonomic}
    uintx NonNMethodCodeHeapSize                   = 5832780                                {pd product} {ergonomic}
    uintx NonProfiledCodeHeapSize                  = 122912730                              {pd product} {ergonomic}
    uintx ProfiledCodeHeapSize                     = 122912730                              {pd product} {ergonomic}
    uintx ReservedCodeCacheSize                    = 251658240                              {pd product} {ergonomic}
     bool SegmentedCodeCache                       = true                                      {product} {ergonomic}
   size_t SoftMaxHeapSize                          = 2116026368                             {manageable} {ergonomic}
     bool UseCompressedClassPointers               = true                           {product lp64_product} {ergonomic}
     bool UseCompressedOops                        = true                           {product lp64_product} {ergonomic}
     bool UseG1GC                                  = true                                      {product} {ergonomic}
     bool UseLargePagesIndividualAllocation        = false                                  {pd product} {ergonomic}

Logging:
Log output configuration:
 #0: stdout all=warning uptime,level,tags
 #1: stderr all=off uptime,level,tags

Environment Variables:
PATH=C:\Program Files (x86)\Common Files\Oracle\Java\javapath;C:\Windows\system32;C:\Windows;C:\Windows\System32\Wbem;C:\Windows\System32\WindowsPowerShell\v1.0\;C:\Windows\System32\OpenSSH\;C:\Program Files\dotnet\;C:\ProgramData\chocolatey\bin;C:\Program Files\Git\cmd;C:\Program Files\Java\jdk-17\bin;C:\Program Files\Amazon\AWSCLIV2\;C:\Program Files\nodejs\;C:\Users\SONY\AppData\Local\Microsoft\WindowsApps;;C:\dev\IntelliJ IDEA 2023.2.2\bin;;C:\Users\SONY\AppData\Local\Programs\Microsoft VS Code\bin;C:\Users\SONY\AppData\Roaming\npm
USERNAME=SONY
OS=Windows_NT
PROCESSOR_IDENTIFIER=Intel64 Family 6 Model 58 Stepping 9, GenuineIntel



---------------  S Y S T E M  ---------------

OS:
 Windows 10 , 64 bit Build 19041 (10.0.19041.4597)
OS uptime: 4 days 23:25 hours

CPU: total 4 (initial active 4) (2 cores per cpu, 2 threads per core) family 6 model 58 stepping 9 microcode 0x21, cx8, cmov, fxsr, ht, mmx, sse, sse2, sse3, ssse3, sse4.1, sse4.2, popcnt, tsc, tscinvbit, avx, erms, clmul, vzeroupper, clflush

Memory: 4k page, system-wide physical 8071M (366M free)
TotalPageFile size 8071M (AvailPageFile size 2M)
current process WorkingSet (physical memory assigned to process): 117M, peak: 125M
current process commit charge ("private bytes"): 155M, peak: 239M

vm_info: OpenJDK 64-Bit Server VM (16.0.2+7) for windows-amd64 JRE (16.0.2+7), built on Jul 22 2021 01:11:46 by "Administrator" with MS VC++ 15.9 (VS2017)

END.
